<?xml version="1.0" encoding="utf-8"?><testsuites name="pytest tests"><testsuite name="pytest" errors="0" failures="0" skipped="0" tests="41" time="6.196" timestamp="2026-09-25T13:48:25.619240+00:00" hostname="agent-env-7e979137-8620-4f5a-a6ed-83db420651bf"><testcase classname="tests.test_laravel_bvt" name="test_public_page_200[/]" time="0.016" /><testcase classname="tests.test_laravel_bvt" name="test_public_page_200[/tour-packages]" time="0.011" /><testcase classname="tests.test_laravel_bvt" name="test_public_page_200[/tour-packages/bali-rafting-eco-tour]" time="0.036" /><testcase classname="tests.test_laravel_bvt" name="test_public_page_200[/car-rental]" time="0.012" /><testcase classname="tests.test_laravel_bvt" name="test_public_page_200[/car-rental/toyota-alphard-vellfire-luxury]" time="0.013" /><testcase classname="tests.test_laravel_bvt" name="test_public_page_200[/activities]" time="0.012" /><testcase classname="tests.test_laravel_bvt" name="test_public_page_200[/activities/aloha-ubud-jungle-swing-photo-spot]" time="0.012" /><testcase classname="tests.test_laravel_bvt" name="test_public_page_200[/about]" time="0.012" /><testcase classname="tests.test_laravel_bvt" name="test_public_page_200[/articles]" time="0.012" /><testcase classname="tests.test_laravel_bvt" name="test_public_page_200[/articles/balinese-temple-etiquette]" time="0.013" /><testcase classname="tests.test_laravel_bvt" name="test_public_page_200[/policies/privacy]" time="0.012" /><testcase classname="tests.test_laravel_bvt" name="test_public_page_200[/policies/terms]" time="0.009" /><testcase classname="tests.test_laravel_bvt" name="test_public_page_200[/up]" time="0.008" /><testcase classname="tests.test_laravel_bvt" name="test_filters[/tour-packages?category=Private%20Tour]" time="0.010" /><testcase classname="tests.test_laravel_bvt" name="test_filters[/tour-packages?duration=1%20Day]" time="0.010" /><testcase classname="tests.test_laravel_bvt" name="test_filters[/car-rental?filter=Family%20MPV]" time="0.010" /><testcase classname="tests.test_laravel_bvt" name="test_filters[/activities?type=Adventure%20%26%20Trekking]" time="0.010" /><testcase classname="tests.test_laravel_bvt" name="test_filters[/articles?q=temple]" time="0.011" /><testcase classname="tests.test_laravel_bvt" name="test_filters[/articles?cat=Island%20Itineraries&amp;page=1]" time="0.010" /><testcase classname="tests.test_laravel_bvt" name="test_booking_endpoint" time="0.023" /><testcase classname="tests.test_laravel_bvt" name="test_newsletter_endpoint" time="0.022" /><testcase classname="tests.test_laravel_bvt" name="test_admin_login_wrong_password" time="0.265" /><testcase classname="tests.test_laravel_bvt" name="test_admin_unauth_redirect" time="0.007" /><testcase classname="tests.test_laravel_bvt" name="test_admin_login_ok" time="0.271" /><testcase classname="tests.test_laravel_bvt" name="test_admin_pages[/admin]" time="0.267" /><testcase classname="tests.test_laravel_bvt" name="test_admin_pages[/admin/tours]" time="0.266" /><testcase classname="tests.test_laravel_bvt" name="test_admin_pages[/admin/cars]" time="0.262" /><testcase classname="tests.test_laravel_bvt" name="test_admin_pages[/admin/activities]" time="0.273" /><testcase classname="tests.test_laravel_bvt" name="test_admin_pages[/admin/articles]" time="0.262" /><testcase classname="tests.test_laravel_bvt" name="test_admin_pages[/admin/bookings]" time="0.263" /><testcase classname="tests.test_laravel_bvt" name="test_admin_pages[/admin/settings]" time="0.262" /><testcase classname="tests.test_laravel_bvt" name="test_admin_pages[/admin/content]" time="0.274" /><testcase classname="tests.test_laravel_bvt" name="test_admin_pages[/admin/account]" time="0.266" /><testcase classname="tests.test_laravel_bvt" name="test_admin_pages[/admin/tours/create]" time="0.265" /><testcase classname="tests.test_laravel_bvt" name="test_admin_pages[/admin/tours/1/edit]" time="0.272" /><testcase classname="tests.test_laravel_bvt" name="test_admin_tour_crud" time="0.387" /><testcase classname="tests.test_laravel_bvt" name="test_admin_settings_update" time="0.328" /><testcase classname="tests.test_laravel_bvt" name="test_admin_content_save_noop" time="0.296" /><testcase classname="tests.test_laravel_bvt" name="test_admin_preferences_update" time="0.283" /><testcase classname="tests.test_laravel_bvt" name="test_admin_upload" time="0.282" /><testcase classname="tests.test_laravel_bvt" name="test_admin_logout" time="0.274" /></testsuite></testsuites>