<?xml version="1.0" encoding="utf-8"?><testsuites name="pytest tests"><testsuite name="pytest" errors="0" failures="0" skipped="0" tests="29" time="5.005" timestamp="2026-09-25T09:43:30.013647+00:00" hostname="agent-env-50cc5dd2-becc-4cac-9068-856b8a3a7d9b"><testcase classname="tests.backend_test.TestPublicPages" name="test_page_200[/]" time="0.235" /><testcase classname="tests.backend_test.TestPublicPages" name="test_page_200[/tour-packages]" time="0.074" /><testcase classname="tests.backend_test.TestPublicPages" name="test_page_200[/tour-packages/bali-rafting-eco-tour]" time="0.070" /><testcase classname="tests.backend_test.TestPublicPages" name="test_page_200[/car-rental]" time="0.073" /><testcase classname="tests.backend_test.TestPublicPages" name="test_page_200[/car-rental/toyota-avanza-xenia]" time="0.069" /><testcase classname="tests.backend_test.TestPublicPages" name="test_page_200[/activities]" time="0.072" /><testcase classname="tests.backend_test.TestPublicPages" name="test_page_200[/activities/ayung-river-white-water-rafting]" time="0.083" /><testcase classname="tests.backend_test.TestPublicPages" name="test_page_200[/about]" time="0.066" /><testcase classname="tests.backend_test.TestPublicPages" name="test_page_200[/articles]" time="0.070" /><testcase classname="tests.backend_test.TestPublicPages" name="test_page_200[/articles/balinese-temple-etiquette]" time="0.072" /><testcase classname="tests.backend_test.TestPublicPages" name="test_page_200[/policies/privacy]" time="0.071" /><testcase classname="tests.backend_test.TestPublicPages" name="test_home_has_hero_and_bestsellers" time="0.070" /><testcase classname="tests.backend_test.TestPublicPages" name="test_tour_category_filter" time="0.145" /><testcase classname="tests.backend_test.TestPublicPages" name="test_car_filter" time="0.074" /><testcase classname="tests.backend_test.TestPublicPages" name="test_activity_filter" time="0.064" /><testcase classname="tests.backend_test.TestPublicPages" name="test_article_search_and_cat" time="0.135" /><testcase classname="tests.backend_test.TestBookingAndNewsletter" name="test_booking_post" time="0.195" /><testcase classname="tests.backend_test.TestBookingAndNewsletter" name="test_booking_validation" time="0.156" /><testcase classname="tests.backend_test.TestBookingAndNewsletter" name="test_newsletter_post" time="0.157" /><testcase classname="tests.backend_test.TestAdminAuth" name="test_unauth_admin_redirects" time="0.065" /><testcase classname="tests.backend_test.TestAdminAuth" name="test_wrong_password" time="0.444" /><testcase classname="tests.backend_test.TestAdminAuth" name="test_admin_dashboard_ok" time="0.566" /><testcase classname="tests.backend_test.TestAdminResources" name="test_create_edit_delete_tour" time="0.590" /><testcase classname="tests.backend_test.TestAdminResources" name="test_invalid_json_field_shows_error" time="0.191" /><testcase classname="tests.backend_test.TestAdminBookings" name="test_status_update_and_delete" time="0.346" /><testcase classname="tests.backend_test.TestAdminSettings" name="test_update_settings" time="0.128" /><testcase classname="tests.backend_test.TestAdminSettings" name="test_invalid_whatsapp" time="0.201" /><testcase classname="tests.backend_test.TestAdminContent" name="test_reset_content" time="0.129" /><testcase classname="tests.backend_test.TestAdminUpload" name="test_upload_image" time="0.265" /></testsuite></testsuites>